<?xml version="1.0" encoding="UTF-8"?>
<testng-results ignored="0" total="1" passed="1" failed="0" skipped="0">
  <reporter-output>
  </reporter-output>
  <suite started-at="2021-09-15T15:02:20 IST" name="Default suite" finished-at="2021-09-15T15:02:22 IST" duration-ms="1988">
    <groups>
    </groups>
    <test started-at="2021-09-15T15:02:20 IST" name="Default test" finished-at="2021-09-15T15:02:22 IST" duration-ms="1988">
      <class name="webdrivertest.test1">
        <test-method signature="test1()[pri:0, instance:webdrivertest.test1@6ac13091]" started-at="2021-09-15T15:02:20 IST" name="test1" finished-at="2021-09-15T15:02:22 IST" duration-ms="1942" status="PASS">
          <reporter-output>
          </reporter-output>
        </test-method> <!-- test1 -->
      </class> <!-- webdrivertest.test1 -->
    </test> <!-- Default test -->
  </suite> <!-- Default suite -->
</testng-results>
