<?xml version="1.0" encoding="UTF-8"?>
<testng-results ignored="0" total="5" passed="5" failed="0" skipped="0">
  <reporter-output>
  </reporter-output>
  <suite started-at="2022-02-15T12:55:21Z" name="Default suite" finished-at="2022-02-15T12:55:36Z" duration-ms="14877">
    <groups>
    </groups>
    <test started-at="2022-02-15T12:55:21Z" name="Default test" finished-at="2022-02-15T12:55:36Z" duration-ms="14877">
      <class name="qa.globalgarner.testpages.LoginpageTest">
        <test-method is-config="true" signature="setup()[pri:0, instance:qa.globalgarner.testpages.LoginpageTest@45d84a20]" started-at="2022-02-15T12:55:21Z" name="setup" finished-at="2022-02-15T12:55:35Z" duration-ms="14100" status="PASS">
          <reporter-output>
          </reporter-output>
        </test-method> <!-- setup -->
        <test-method signature="bswlinkexistornot()[pri:0, instance:qa.globalgarner.testpages.LoginpageTest@45d84a20]" started-at="2022-02-15T12:55:35Z" name="bswlinkexistornot" finished-at="2022-02-15T12:55:35Z" duration-ms="80" status="PASS">
          <reporter-output>
          </reporter-output>
        </test-method> <!-- bswlinkexistornot -->
        <test-method signature="getcurrenturltest()[pri:0, instance:qa.globalgarner.testpages.LoginpageTest@45d84a20]" started-at="2022-02-15T12:55:35Z" name="getcurrenturltest" finished-at="2022-02-15T12:55:35Z" duration-ms="10" status="PASS">
          <reporter-output>
          </reporter-output>
        </test-method> <!-- getcurrenturltest -->
        <test-method signature="getpagetitiletest()[pri:0, instance:qa.globalgarner.testpages.LoginpageTest@45d84a20]" started-at="2022-02-15T12:55:35Z" name="getpagetitiletest" finished-at="2022-02-15T12:55:35Z" duration-ms="12" status="PASS">
          <reporter-output>
          </reporter-output>
        </test-method> <!-- getpagetitiletest -->
        <test-method signature="logintest()[pri:0, instance:qa.globalgarner.testpages.LoginpageTest@45d84a20]" started-at="2022-02-15T12:55:35Z" name="logintest" finished-at="2022-02-15T12:55:36Z" duration-ms="590" status="PASS">
          <reporter-output>
          </reporter-output>
        </test-method> <!-- logintest -->
        <test-method signature="rechargelinkexistornot()[pri:0, instance:qa.globalgarner.testpages.LoginpageTest@45d84a20]" started-at="2022-02-15T12:55:36Z" name="rechargelinkexistornot" finished-at="2022-02-15T12:55:36Z" duration-ms="61" status="PASS">
          <reporter-output>
          </reporter-output>
        </test-method> <!-- rechargelinkexistornot -->
      </class> <!-- qa.globalgarner.testpages.LoginpageTest -->
    </test> <!-- Default test -->
  </suite> <!-- Default suite -->
</testng-results>
