<?xml version="1.0" encoding="UTF-8"?>
<!-- Generated by org.testng.reporters.JUnitXMLReporter -->
<testsuite ignored="0" hostname="DESKTOP-39M4H89" failures="0" tests="5" name="Default test" time="14.877" errors="0" timestamp="15 Feb 2022 12:55:36 GMT">
  <testcase classname="qa.globalgarner.testpages.LoginpageTest" name="bswlinkexistornot" time="0.08"/>
  <testcase classname="qa.globalgarner.testpages.LoginpageTest" name="getcurrenturltest" time="0.01"/>
  <testcase classname="qa.globalgarner.testpages.LoginpageTest" name="getpagetitiletest" time="0.012"/>
  <testcase classname="qa.globalgarner.testpages.LoginpageTest" name="logintest" time="0.59"/>
  <testcase classname="qa.globalgarner.testpages.LoginpageTest" name="rechargelinkexistornot" time="0.061"/>
</testsuite> <!-- Default test -->
