<?xml version="1.0" encoding="UTF-8"?>
<!-- Generated by org.testng.reporters.JUnitXMLReporter -->
<testsuite ignored="0" hostname="DESKTOP-39M4H89" failures="0" tests="5" name="Default test" time="6.637" errors="0" timestamp="18 Feb 2022 08:43:50 GMT">
  <testcase classname="com.qa.opencart.pages.test.LoginPageTest" name="loginpagTitletest" time="0.011"/>
  <testcase classname="com.qa.opencart.pages.test.LoginPageTest" name="loginpageurltest" time="0.016"/>
  <testcase classname="com.qa.opencart.pages.test.LoginPageTest" name="forgetpwdlinkexist" time="0.068"/>
  <testcase classname="com.qa.opencart.pages.test.LoginPageTest" name="registerlinktext" time="0.081"/>
  <testcase classname="com.qa.opencart.pages.test.LoginPageTest" name="logintest" time="1.652"/>
</testsuite> <!-- Default test -->
